{"C:\\Users\\Yosha\\Documents\\Wits\\2022\\Software Design\\Project\\Program Files\\insert_title\\src\\pages\\addAddress.jsx": {"path":"C:\\Users\\Yosha\\Documents\\Wits\\2022\\Software Design\\Project\\Program Files\\insert_title\\src\\pages\\addAddress.jsx","statementMap":{"0":{"start":{"line":7,"column":17},"end":{"line":14,"column":1}},"1":{"start":{"line":17,"column":16},"end":{"line":17,"column":29}},"2":{"start":{"line":18,"column":30},"end":{"line":18,"column":48}},"3":{"start":{"line":20,"column":30},"end":{"line":28,"column":5}},"4":{"start":{"line":21,"column":23},"end":{"line":21,"column":35}},"5":{"start":{"line":22,"column":21},"end":{"line":22,"column":32}},"6":{"start":{"line":23,"column":22},"end":{"line":23,"column":34}},"7":{"start":{"line":24,"column":8},"end":{"line":24,"column":27}},"8":{"start":{"line":25,"column":8},"end":{"line":27,"column":10}},"9":{"start":{"line":30,"column":23},"end":{"line":54,"column":5}},"10":{"start":{"line":31,"column":8},"end":{"line":52,"column":9}},"11":{"start":{"line":33,"column":12},"end":{"line":46,"column":13}},"12":{"start":{"line":34,"column":12},"end":{"line":34,"column":141}},"13":{"start":{"line":35,"column":27},"end":{"line":35,"column":62}},"14":{"start":{"line":36,"column":12},"end":{"line":36,"column":40}},"15":{"start":{"line":37,"column":12},"end":{"line":37,"column":76}},"16":{"start":{"line":38,"column":12},"end":{"line":38,"column":120}},"17":{"start":{"line":38,"column":35},"end":{"line":38,"column":95}},"18":{"start":{"line":38,"column":96},"end":{"line":38,"column":111}},"19":{"start":{"line":41,"column":31},"end":{"line":41,"column":66}},"20":{"start":{"line":42,"column":16},"end":{"line":42,"column":44}},"21":{"start":{"line":43,"column":16},"end":{"line":43,"column":77}},"22":{"start":{"line":44,"column":16},"end":{"line":44,"column":124}},"23":{"start":{"line":44,"column":39},"end":{"line":44,"column":99}},"24":{"start":{"line":44,"column":100},"end":{"line":44,"column":115}},"25":{"start":{"line":48,"column":27},"end":{"line":48,"column":62}},"26":{"start":{"line":49,"column":12},"end":{"line":49,"column":40}},"27":{"start":{"line":50,"column":12},"end":{"line":50,"column":84}},"28":{"start":{"line":51,"column":12},"end":{"line":51,"column":105}},"29":{"start":{"line":51,"column":35},"end":{"line":51,"column":95}},"30":{"start":{"line":56,"column":27},"end":{"line":59,"column":5}},"31":{"start":{"line":57,"column":8},"end":{"line":57,"column":26}},"32":{"start":{"line":58,"column":8},"end":{"line":58,"column":41}},"33":{"start":{"line":61,"column":4},"end":{"line":109,"column":5}},"34":{"start":{"line":104,"column":82},"end":{"line":104,"column":98}}},"fnMap":{"0":{"name":"AddressPage","decl":{"start":{"line":16,"column":16},"end":{"line":16,"column":27}},"loc":{"start":{"line":16,"column":29},"end":{"line":110,"column":1}},"line":16},"1":{"name":"(anonymous_1)","decl":{"start":{"line":20,"column":30},"end":{"line":20,"column":31}},"loc":{"start":{"line":20,"column":41},"end":{"line":28,"column":5}},"line":20},"2":{"name":"(anonymous_2)","decl":{"start":{"line":30,"column":23},"end":{"line":30,"column":24}},"loc":{"start":{"line":30,"column":42},"end":{"line":54,"column":5}},"line":30},"3":{"name":"(anonymous_3)","decl":{"start":{"line":38,"column":23},"end":{"line":38,"column":24}},"loc":{"start":{"line":38,"column":33},"end":{"line":38,"column":112}},"line":38},"4":{"name":"(anonymous_4)","decl":{"start":{"line":44,"column":27},"end":{"line":44,"column":28}},"loc":{"start":{"line":44,"column":37},"end":{"line":44,"column":116}},"line":44},"5":{"name":"(anonymous_5)","decl":{"start":{"line":51,"column":23},"end":{"line":51,"column":24}},"loc":{"start":{"line":51,"column":33},"end":{"line":51,"column":97}},"line":51},"6":{"name":"(anonymous_6)","decl":{"start":{"line":56,"column":27},"end":{"line":56,"column":28}},"loc":{"start":{"line":56,"column":33},"end":{"line":59,"column":5}},"line":56},"7":{"name":"(anonymous_7)","decl":{"start":{"line":104,"column":76},"end":{"line":104,"column":77}},"loc":{"start":{"line":104,"column":82},"end":{"line":104,"column":98}},"line":104}},"branchMap":{"0":{"loc":{"start":{"line":31,"column":8},"end":{"line":52,"column":9}},"type":"if","locations":[{"start":{"line":31,"column":8},"end":{"line":52,"column":9}},{"start":{"line":47,"column":15},"end":{"line":52,"column":9}}],"line":31},"1":{"loc":{"start":{"line":33,"column":12},"end":{"line":46,"column":13}},"type":"if","locations":[{"start":{"line":33,"column":12},"end":{"line":46,"column":13}},{"start":{"line":40,"column":16},"end":{"line":46,"column":13}}],"line":33}},"s":{"0":0,"1":0,"2":0,"3":0,"4":0,"5":0,"6":0,"7":0,"8":0,"9":0,"10":0,"11":0,"12":0,"13":0,"14":0,"15":0,"16":0,"17":0,"18":0,"19":0,"20":0,"21":0,"22":0,"23":0,"24":0,"25":0,"26":0,"27":0,"28":0,"29":0,"30":0,"31":0,"32":0,"33":0,"34":0},"f":{"0":0,"1":0,"2":0,"3":0,"4":0,"5":0,"6":0,"7":0},"b":{"0":[0,0],"1":[0,0]}}
,"C:\\Users\\Yosha\\Documents\\Wits\\2022\\Software Design\\Project\\Program Files\\insert_title\\src\\pages\\login.jsx": {"path":"C:\\Users\\Yosha\\Documents\\Wits\\2022\\Software Design\\Project\\Program Files\\insert_title\\src\\pages\\login.jsx","statementMap":{"0":{"start":{"line":13,"column":12},"end":{"line":16,"column":5}},"1":{"start":{"line":18,"column":15},"end":{"line":57,"column":9}},"2":{"start":{"line":19,"column":22},"end":{"line":19,"column":35}},"3":{"start":{"line":20,"column":10},"end":{"line":20,"column":45}},"4":{"start":{"line":21,"column":12},"end":{"line":21,"column":33}},"5":{"start":{"line":22,"column":12},"end":{"line":22,"column":32}},"6":{"start":{"line":23,"column":12},"end":{"line":23,"column":31}},"7":{"start":{"line":24,"column":12},"end":{"line":26,"column":21}},"8":{"start":{"line":25,"column":16},"end":{"line":25,"column":62}},"9":{"start":{"line":27,"column":12},"end":{"line":56,"column":13}},"10":{"start":{"line":28,"column":16},"end":{"line":28,"column":60}},"11":{"start":{"line":29,"column":16},"end":{"line":51,"column":17}},"12":{"start":{"line":32,"column":36},"end":{"line":32,"column":69}},"13":{"start":{"line":33,"column":38},"end":{"line":33,"column":54}},"14":{"start":{"line":34,"column":20},"end":{"line":34,"column":67}},"15":{"start":{"line":35,"column":20},"end":{"line":35,"column":54}},"16":{"start":{"line":36,"column":20},"end":{"line":36,"column":52}},"17":{"start":{"line":38,"column":20},"end":{"line":50,"column":22}},"18":{"start":{"line":39,"column":24},"end":{"line":39,"column":78}},"19":{"start":{"line":40,"column":24},"end":{"line":49,"column":26}},"20":{"start":{"line":41,"column":28},"end":{"line":47,"column":31}},"21":{"start":{"line":42,"column":32},"end":{"line":42,"column":46}},"22":{"start":{"line":43,"column":32},"end":{"line":43,"column":66}},"23":{"start":{"line":44,"column":32},"end":{"line":46,"column":33}},"24":{"start":{"line":45,"column":36},"end":{"line":45,"column":60}},"25":{"start":{"line":52,"column":16},"end":{"line":55,"column":24}},"26":{"start":{"line":53,"column":20},"end":{"line":53,"column":63}},"27":{"start":{"line":54,"column":20},"end":{"line":54,"column":43}},"28":{"start":{"line":68,"column":16},"end":{"line":70,"column":9}},"29":{"start":{"line":69,"column":12},"end":{"line":69,"column":50}},"30":{"start":{"line":73,"column":28},"end":{"line":80,"column":9}},"31":{"start":{"line":74,"column":27},"end":{"line":74,"column":39}},"32":{"start":{"line":75,"column":25},"end":{"line":75,"column":36}},"33":{"start":{"line":76,"column":26},"end":{"line":76,"column":38}},"34":{"start":{"line":77,"column":12},"end":{"line":79,"column":14}},"35":{"start":{"line":85,"column":12},"end":{"line":130,"column":14}}},"fnMap":{"0":{"name":"(anonymous_0)","decl":{"start":{"line":18,"column":15},"end":{"line":18,"column":16}},"loc":{"start":{"line":18,"column":37},"end":{"line":57,"column":9}},"line":18},"1":{"name":"(anonymous_1)","decl":{"start":{"line":24,"column":23},"end":{"line":24,"column":24}},"loc":{"start":{"line":24,"column":35},"end":{"line":26,"column":13}},"line":24},"2":{"name":"(anonymous_2)","decl":{"start":{"line":38,"column":34},"end":{"line":38,"column":35}},"loc":{"start":{"line":38,"column":45},"end":{"line":50,"column":21}},"line":38},"3":{"name":"(anonymous_3)","decl":{"start":{"line":40,"column":88},"end":{"line":40,"column":89}},"loc":{"start":{"line":40,"column":94},"end":{"line":49,"column":25}},"line":40},"4":{"name":"(anonymous_4)","decl":{"start":{"line":41,"column":115},"end":{"line":41,"column":116}},"loc":{"start":{"line":41,"column":121},"end":{"line":47,"column":29}},"line":41},"5":{"name":"(anonymous_5)","decl":{"start":{"line":52,"column":27},"end":{"line":52,"column":28}},"loc":{"start":{"line":52,"column":39},"end":{"line":55,"column":17}},"line":52},"6":{"name":"(anonymous_6)","decl":{"start":{"line":68,"column":16},"end":{"line":68,"column":17}},"loc":{"start":{"line":68,"column":22},"end":{"line":70,"column":9}},"line":68},"7":{"name":"(anonymous_7)","decl":{"start":{"line":73,"column":28},"end":{"line":73,"column":29}},"loc":{"start":{"line":73,"column":39},"end":{"line":80,"column":9}},"line":73},"8":{"name":"(anonymous_8)","decl":{"start":{"line":84,"column":8},"end":{"line":84,"column":9}},"loc":{"start":{"line":84,"column":16},"end":{"line":131,"column":9}},"line":84}},"branchMap":{"0":{"loc":{"start":{"line":27,"column":12},"end":{"line":56,"column":13}},"type":"if","locations":[{"start":{"line":27,"column":12},"end":{"line":56,"column":13}},{"start":{},"end":{}}],"line":27},"1":{"loc":{"start":{"line":29,"column":16},"end":{"line":51,"column":17}},"type":"if","locations":[{"start":{"line":29,"column":16},"end":{"line":51,"column":17}},{"start":{},"end":{}}],"line":29},"2":{"loc":{"start":{"line":44,"column":32},"end":{"line":46,"column":33}},"type":"if","locations":[{"start":{"line":44,"column":32},"end":{"line":46,"column":33}},{"start":{},"end":{}}],"line":44}},"s":{"0":0,"1":0,"2":0,"3":0,"4":0,"5":0,"6":0,"7":0,"8":0,"9":0,"10":0,"11":0,"12":0,"13":0,"14":0,"15":0,"16":0,"17":0,"18":0,"19":0,"20":0,"21":0,"22":0,"23":0,"24":0,"25":0,"26":0,"27":0,"28":0,"29":0,"30":0,"31":0,"32":0,"33":0,"34":0,"35":0},"f":{"0":0,"1":0,"2":0,"3":0,"4":0,"5":0,"6":0,"7":0,"8":0},"b":{"0":[0,0],"1":[0,0],"2":[0,0]}}
,"C:\\Users\\Yosha\\Documents\\Wits\\2022\\Software Design\\Project\\Program Files\\insert_title\\src\\pages\\updateDetails.jsx": {"path":"C:\\Users\\Yosha\\Documents\\Wits\\2022\\Software Design\\Project\\Program Files\\insert_title\\src\\pages\\updateDetails.jsx","statementMap":{"0":{"start":{"line":9,"column":12},"end":{"line":15,"column":5}},"1":{"start":{"line":17,"column":14},"end":{"line":29,"column":2}},"2":{"start":{"line":18,"column":10},"end":{"line":18,"column":45}},"3":{"start":{"line":19,"column":6},"end":{"line":19,"column":27}},"4":{"start":{"line":20,"column":2},"end":{"line":20,"column":24}},"5":{"start":{"line":21,"column":2},"end":{"line":21,"column":81}},"6":{"start":{"line":21,"column":25},"end":{"line":21,"column":71}},"7":{"start":{"line":22,"column":5},"end":{"line":28,"column":6}},"8":{"start":{"line":24,"column":8},"end":{"line":24,"column":54}},"9":{"start":{"line":25,"column":8},"end":{"line":27,"column":16}},"10":{"start":{"line":26,"column":12},"end":{"line":26,"column":55}},"11":{"start":{"line":32,"column":16},"end":{"line":88,"column":5}},"12":{"start":{"line":33,"column":11},"end":{"line":33,"column":21}},"13":{"start":{"line":34,"column":19},"end":{"line":41,"column":13}},"14":{"start":{"line":43,"column":8},"end":{"line":45,"column":9}},"15":{"start":{"line":44,"column":12},"end":{"line":44,"column":33}},"16":{"start":{"line":46,"column":8},"end":{"line":48,"column":9}},"17":{"start":{"line":47,"column":12},"end":{"line":47,"column":32}},"18":{"start":{"line":49,"column":8},"end":{"line":51,"column":9}},"19":{"start":{"line":50,"column":12},"end":{"line":50,"column":28}},"20":{"start":{"line":52,"column":8},"end":{"line":54,"column":9}},"21":{"start":{"line":53,"column":12},"end":{"line":53,"column":34}},"22":{"start":{"line":55,"column":8},"end":{"line":57,"column":9}},"23":{"start":{"line":56,"column":12},"end":{"line":56,"column":26}},"24":{"start":{"line":58,"column":19},"end":{"line":58,"column":53}},"25":{"start":{"line":59,"column":8},"end":{"line":59,"column":46}},"26":{"start":{"line":60,"column":8},"end":{"line":87,"column":9}},"27":{"start":{"line":62,"column":12},"end":{"line":83,"column":12}},"28":{"start":{"line":63,"column":27},"end":{"line":63,"column":61}},"29":{"start":{"line":64,"column":32},"end":{"line":80,"column":18}},"30":{"start":{"line":66,"column":16},"end":{"line":79,"column":17}},"31":{"start":{"line":67,"column":36},"end":{"line":67,"column":66}},"32":{"start":{"line":68,"column":20},"end":{"line":68,"column":47}},"33":{"start":{"line":70,"column":21},"end":{"line":79,"column":17}},"34":{"start":{"line":71,"column":20},"end":{"line":78,"column":21}},"35":{"start":{"line":72,"column":40},"end":{"line":72,"column":127}},"36":{"start":{"line":73,"column":24},"end":{"line":73,"column":52}},"37":{"start":{"line":76,"column":40},"end":{"line":76,"column":68}},"38":{"start":{"line":77,"column":24},"end":{"line":77,"column":52}},"39":{"start":{"line":82,"column":15},"end":{"line":82,"column":70}},"40":{"start":{"line":85,"column":28},"end":{"line":85,"column":99}},"41":{"start":{"line":86,"column":12},"end":{"line":86,"column":40}},"42":{"start":{"line":91,"column":24},"end":{"line":100,"column":5}},"43":{"start":{"line":92,"column":23},"end":{"line":92,"column":35}},"44":{"start":{"line":93,"column":21},"end":{"line":93,"column":32}},"45":{"start":{"line":94,"column":22},"end":{"line":94,"column":34}},"46":{"start":{"line":96,"column":8},"end":{"line":98,"column":10}},"47":{"start":{"line":105,"column":9},"end":{"line":225,"column":10}},"48":{"start":{"line":118,"column":41},"end":{"line":118,"column":67}},"49":{"start":{"line":137,"column":41},"end":{"line":137,"column":67}},"50":{"start":{"line":154,"column":41},"end":{"line":154,"column":66}},"51":{"start":{"line":172,"column":41},"end":{"line":172,"column":66}},"52":{"start":{"line":190,"column":41},"end":{"line":190,"column":66}}},"fnMap":{"0":{"name":"(anonymous_0)","decl":{"start":{"line":17,"column":14},"end":{"line":17,"column":15}},"loc":{"start":{"line":17,"column":34},"end":{"line":29,"column":2}},"line":17},"1":{"name":"(anonymous_1)","decl":{"start":{"line":21,"column":13},"end":{"line":21,"column":14}},"loc":{"start":{"line":21,"column":23},"end":{"line":21,"column":73}},"line":21},"2":{"name":"(anonymous_2)","decl":{"start":{"line":25,"column":19},"end":{"line":25,"column":20}},"loc":{"start":{"line":25,"column":29},"end":{"line":27,"column":9}},"line":25},"3":{"name":"(anonymous_3)","decl":{"start":{"line":32,"column":16},"end":{"line":32,"column":17}},"loc":{"start":{"line":32,"column":22},"end":{"line":88,"column":5}},"line":32},"4":{"name":"(anonymous_4)","decl":{"start":{"line":64,"column":59},"end":{"line":64,"column":60}},"loc":{"start":{"line":64,"column":66},"end":{"line":80,"column":17}},"line":64},"5":{"name":"(anonymous_5)","decl":{"start":{"line":91,"column":24},"end":{"line":91,"column":25}},"loc":{"start":{"line":91,"column":35},"end":{"line":100,"column":5}},"line":91},"6":{"name":"(anonymous_6)","decl":{"start":{"line":102,"column":4},"end":{"line":102,"column":5}},"loc":{"start":{"line":102,"column":12},"end":{"line":226,"column":5}},"line":102},"7":{"name":"(anonymous_7)","decl":{"start":{"line":118,"column":34},"end":{"line":118,"column":35}},"loc":{"start":{"line":118,"column":39},"end":{"line":118,"column":70}},"line":118},"8":{"name":"(anonymous_8)","decl":{"start":{"line":137,"column":34},"end":{"line":137,"column":35}},"loc":{"start":{"line":137,"column":39},"end":{"line":137,"column":70}},"line":137},"9":{"name":"(anonymous_9)","decl":{"start":{"line":154,"column":34},"end":{"line":154,"column":35}},"loc":{"start":{"line":154,"column":39},"end":{"line":154,"column":68}},"line":154},"10":{"name":"(anonymous_10)","decl":{"start":{"line":172,"column":34},"end":{"line":172,"column":35}},"loc":{"start":{"line":172,"column":39},"end":{"line":172,"column":68}},"line":172},"11":{"name":"(anonymous_11)","decl":{"start":{"line":190,"column":34},"end":{"line":190,"column":35}},"loc":{"start":{"line":190,"column":39},"end":{"line":190,"column":68}},"line":190}},"branchMap":{"0":{"loc":{"start":{"line":22,"column":5},"end":{"line":28,"column":6}},"type":"if","locations":[{"start":{"line":22,"column":5},"end":{"line":28,"column":6}},{"start":{},"end":{}}],"line":22},"1":{"loc":{"start":{"line":43,"column":8},"end":{"line":45,"column":9}},"type":"if","locations":[{"start":{"line":43,"column":8},"end":{"line":45,"column":9}},{"start":{},"end":{}}],"line":43},"2":{"loc":{"start":{"line":46,"column":8},"end":{"line":48,"column":9}},"type":"if","locations":[{"start":{"line":46,"column":8},"end":{"line":48,"column":9}},{"start":{},"end":{}}],"line":46},"3":{"loc":{"start":{"line":49,"column":8},"end":{"line":51,"column":9}},"type":"if","locations":[{"start":{"line":49,"column":8},"end":{"line":51,"column":9}},{"start":{},"end":{}}],"line":49},"4":{"loc":{"start":{"line":52,"column":8},"end":{"line":54,"column":9}},"type":"if","locations":[{"start":{"line":52,"column":8},"end":{"line":54,"column":9}},{"start":{},"end":{}}],"line":52},"5":{"loc":{"start":{"line":55,"column":8},"end":{"line":57,"column":9}},"type":"if","locations":[{"start":{"line":55,"column":8},"end":{"line":57,"column":9}},{"start":{},"end":{}}],"line":55},"6":{"loc":{"start":{"line":60,"column":8},"end":{"line":87,"column":9}},"type":"if","locations":[{"start":{"line":60,"column":8},"end":{"line":87,"column":9}},{"start":{"line":84,"column":13},"end":{"line":87,"column":9}}],"line":60},"7":{"loc":{"start":{"line":62,"column":12},"end":{"line":83,"column":12}},"type":"if","locations":[{"start":{"line":62,"column":12},"end":{"line":83,"column":12}},{"start":{"line":81,"column":18},"end":{"line":83,"column":12}}],"line":62},"8":{"loc":{"start":{"line":66,"column":16},"end":{"line":79,"column":17}},"type":"if","locations":[{"start":{"line":66,"column":16},"end":{"line":79,"column":17}},{"start":{"line":70,"column":21},"end":{"line":79,"column":17}}],"line":66},"9":{"loc":{"start":{"line":70,"column":21},"end":{"line":79,"column":17}},"type":"if","locations":[{"start":{"line":70,"column":21},"end":{"line":79,"column":17}},{"start":{},"end":{}}],"line":70},"10":{"loc":{"start":{"line":71,"column":20},"end":{"line":78,"column":21}},"type":"if","locations":[{"start":{"line":71,"column":20},"end":{"line":78,"column":21}},{"start":{"line":75,"column":24},"end":{"line":78,"column":21}}],"line":71}},"s":{"0":0,"1":0,"2":0,"3":0,"4":0,"5":0,"6":0,"7":0,"8":0,"9":0,"10":0,"11":0,"12":0,"13":0,"14":0,"15":0,"16":0,"17":0,"18":0,"19":0,"20":0,"21":0,"22":0,"23":0,"24":0,"25":0,"26":0,"27":0,"28":0,"29":0,"30":0,"31":0,"32":0,"33":0,"34":0,"35":0,"36":0,"37":0,"38":0,"39":0,"40":0,"41":0,"42":0,"43":0,"44":0,"45":0,"46":0,"47":0,"48":0,"49":0,"50":0,"51":0,"52":0},"f":{"0":0,"1":0,"2":0,"3":0,"4":0,"5":0,"6":0,"7":0,"8":0,"9":0,"10":0,"11":0},"b":{"0":[0,0],"1":[0,0],"2":[0,0],"3":[0,0],"4":[0,0],"5":[0,0],"6":[0,0],"7":[0,0],"8":[0,0],"9":[0,0],"10":[0,0]}}
,"C:\\Users\\Yosha\\Documents\\Wits\\2022\\Software Design\\Project\\Program Files\\insert_title\\src\\utils\\address.js": {"path":"C:\\Users\\Yosha\\Documents\\Wits\\2022\\Software Design\\Project\\Program Files\\insert_title\\src\\utils\\address.js","statementMap":{"0":{"start":{"line":6,"column":4},"end":{"line":17,"column":5}},"1":{"start":{"line":12,"column":8},"end":{"line":12,"column":30}},"2":{"start":{"line":13,"column":8},"end":{"line":13,"column":21}},"3":{"start":{"line":15,"column":8},"end":{"line":15,"column":37}},"4":{"start":{"line":16,"column":8},"end":{"line":16,"column":20}}},"fnMap":{"0":{"name":"submitAddress","decl":{"start":{"line":4,"column":16},"end":{"line":4,"column":29}},"loc":{"start":{"line":4,"column":55},"end":{"line":19,"column":1}},"line":4}},"branchMap":{"0":{"loc":{"start":{"line":6,"column":4},"end":{"line":17,"column":5}},"type":"if","locations":[{"start":{"line":6,"column":4},"end":{"line":17,"column":5}},{"start":{"line":14,"column":11},"end":{"line":17,"column":5}}],"line":6},"1":{"loc":{"start":{"line":6,"column":8},"end":{"line":11,"column":31}},"type":"binary-expr","locations":[{"start":{"line":6,"column":8},"end":{"line":6,"column":30}},{"start":{"line":7,"column":8},"end":{"line":7,"column":26}},{"start":{"line":8,"column":8},"end":{"line":8,"column":28}},{"start":{"line":9,"column":8},"end":{"line":9,"column":28}},{"start":{"line":10,"column":8},"end":{"line":10,"column":35}},{"start":{"line":11,"column":8},"end":{"line":11,"column":31}}],"line":6}},"s":{"0":4,"1":3,"2":3,"3":1,"4":1},"f":{"0":4},"b":{"0":[3,1],"1":[4,3,3,3,3,2]},"_coverageSchema":"1a1c01bbd47fc00a2c39e90264f33305004495a9","hash":"54350340c195172a85e58e63845bddf0f3607b15"}
,"C:\\Users\\Yosha\\Documents\\Wits\\2022\\Software Design\\Project\\Program Files\\insert_title\\src\\utils\\updateDetailsValidation.js": {"path":"C:\\Users\\Yosha\\Documents\\Wits\\2022\\Software Design\\Project\\Program Files\\insert_title\\src\\utils\\updateDetailsValidation.js","statementMap":{"0":{"start":{"line":3,"column":15},"end":{"line":3,"column":19}},"1":{"start":{"line":5,"column":16},"end":{"line":5,"column":34}},"2":{"start":{"line":6,"column":16},"end":{"line":6,"column":33}},"3":{"start":{"line":7,"column":16},"end":{"line":7,"column":29}},"4":{"start":{"line":8,"column":19},"end":{"line":8,"column":38}},"5":{"start":{"line":9,"column":14},"end":{"line":9,"column":25}},"6":{"start":{"line":11,"column":4},"end":{"line":15,"column":5}},"7":{"start":{"line":12,"column":8},"end":{"line":14,"column":9}},"8":{"start":{"line":13,"column":12},"end":{"line":13,"column":25}},"9":{"start":{"line":17,"column":4},"end":{"line":21,"column":5}},"10":{"start":{"line":18,"column":8},"end":{"line":20,"column":9}},"11":{"start":{"line":19,"column":12},"end":{"line":19,"column":25}},"12":{"start":{"line":23,"column":4},"end":{"line":27,"column":5}},"13":{"start":{"line":24,"column":8},"end":{"line":26,"column":9}},"14":{"start":{"line":25,"column":12},"end":{"line":25,"column":25}},"15":{"start":{"line":29,"column":4},"end":{"line":33,"column":5}},"16":{"start":{"line":30,"column":8},"end":{"line":32,"column":9}},"17":{"start":{"line":31,"column":12},"end":{"line":31,"column":25}},"18":{"start":{"line":36,"column":4},"end":{"line":42,"column":5}},"19":{"start":{"line":37,"column":16},"end":{"line":37,"column":26}},"20":{"start":{"line":38,"column":23},"end":{"line":38,"column":36}},"21":{"start":{"line":39,"column":8},"end":{"line":41,"column":9}},"22":{"start":{"line":40,"column":12},"end":{"line":40,"column":25}},"23":{"start":{"line":43,"column":4},"end":{"line":43,"column":16}}},"fnMap":{"0":{"name":"validateDetails","decl":{"start":{"line":2,"column":16},"end":{"line":2,"column":31}},"loc":{"start":{"line":2,"column":54},"end":{"line":44,"column":5}},"line":2}},"branchMap":{"0":{"loc":{"start":{"line":11,"column":4},"end":{"line":15,"column":5}},"type":"if","locations":[{"start":{"line":11,"column":4},"end":{"line":15,"column":5}},{"start":{},"end":{}}],"line":11},"1":{"loc":{"start":{"line":12,"column":8},"end":{"line":14,"column":9}},"type":"if","locations":[{"start":{"line":12,"column":8},"end":{"line":14,"column":9}},{"start":{},"end":{}}],"line":12},"2":{"loc":{"start":{"line":17,"column":4},"end":{"line":21,"column":5}},"type":"if","locations":[{"start":{"line":17,"column":4},"end":{"line":21,"column":5}},{"start":{},"end":{}}],"line":17},"3":{"loc":{"start":{"line":18,"column":8},"end":{"line":20,"column":9}},"type":"if","locations":[{"start":{"line":18,"column":8},"end":{"line":20,"column":9}},{"start":{},"end":{}}],"line":18},"4":{"loc":{"start":{"line":23,"column":4},"end":{"line":27,"column":5}},"type":"if","locations":[{"start":{"line":23,"column":4},"end":{"line":27,"column":5}},{"start":{},"end":{}}],"line":23},"5":{"loc":{"start":{"line":24,"column":8},"end":{"line":26,"column":9}},"type":"if","locations":[{"start":{"line":24,"column":8},"end":{"line":26,"column":9}},{"start":{},"end":{}}],"line":24},"6":{"loc":{"start":{"line":29,"column":4},"end":{"line":33,"column":5}},"type":"if","locations":[{"start":{"line":29,"column":4},"end":{"line":33,"column":5}},{"start":{},"end":{}}],"line":29},"7":{"loc":{"start":{"line":30,"column":8},"end":{"line":32,"column":9}},"type":"if","locations":[{"start":{"line":30,"column":8},"end":{"line":32,"column":9}},{"start":{},"end":{}}],"line":30},"8":{"loc":{"start":{"line":36,"column":4},"end":{"line":42,"column":5}},"type":"if","locations":[{"start":{"line":36,"column":4},"end":{"line":42,"column":5}},{"start":{},"end":{}}],"line":36},"9":{"loc":{"start":{"line":39,"column":8},"end":{"line":41,"column":9}},"type":"if","locations":[{"start":{"line":39,"column":8},"end":{"line":41,"column":9}},{"start":{},"end":{}}],"line":39}},"s":{"0":4,"1":4,"2":4,"3":4,"4":4,"5":4,"6":4,"7":3,"8":2,"9":4,"10":2,"11":1,"12":4,"13":1,"14":1,"15":4,"16":1,"17":1,"18":4,"19":1,"20":1,"21":1,"22":1,"23":4},"f":{"0":4},"b":{"0":[3,1],"1":[2,1],"2":[2,2],"3":[1,1],"4":[1,3],"5":[1,0],"6":[1,3],"7":[1,0],"8":[1,3],"9":[1,0]},"_coverageSchema":"1a1c01bbd47fc00a2c39e90264f33305004495a9","hash":"bf0a3b3186ce754c91520b152a75cc2549d5417d"}
}
