{"C:\\Users\\Yosha\\Documents\\Wits\\2022\\Software Design\\Project\\Program Files\\insert_title\\src\\App.js": {"path":"C:\\Users\\Yosha\\Documents\\Wits\\2022\\Software Design\\Project\\Program Files\\insert_title\\src\\App.js","statementMap":{"0":{"start":{"line":13,"column":27},"end":{"line":13,"column":31}},"1":{"start":{"line":15,"column":2},"end":{"line":15,"column":22}},"2":{"start":{"line":21,"column":4},"end":{"line":36,"column":6}}},"fnMap":{"0":{"name":"set_selected_item","decl":{"start":{"line":14,"column":16},"end":{"line":14,"column":33}},"loc":{"start":{"line":14,"column":39},"end":{"line":16,"column":1}},"line":14},"1":{"name":"(anonymous_1)","decl":{"start":{"line":20,"column":2},"end":{"line":20,"column":3}},"loc":{"start":{"line":20,"column":11},"end":{"line":37,"column":3}},"line":20}},"branchMap":{},"s":{"0":0,"1":0,"2":0},"f":{"0":0,"1":0},"b":{}}
}
